<?xml version="1.0" encoding="UTF-8"?>
<testng-results ignored="0" total="1" passed="1" failed="0" skipped="0">
  <reporter-output>
  </reporter-output>
  <suite started-at="2023-01-29T08:00:41Z" name="Default suite" finished-at="2023-01-29T08:01:33Z" duration-ms="51559">
    <groups>
      <group name="ORDER_MANAGEMENT">
        <method signature="TC_OM_AddOrder_03.createNewOrder()[pri:0, instance:com.qa.iris.om.TC_OM_AddOrder_03@74589991]" name="createNewOrder" class="com.qa.iris.om.TC_OM_AddOrder_03"/>
      </group> <!-- ORDER_MANAGEMENT -->
    </groups>
    <test started-at="2023-01-29T08:00:41Z" name="Default test" finished-at="2023-01-29T08:01:33Z" duration-ms="51559">
      <class name="com.qa.iris.om.TC_OM_AddOrder_03">
        <test-method is-config="true" signature="setup()[pri:0, instance:com.qa.iris.om.TC_OM_AddOrder_03@74589991]" started-at="2023-01-29T08:00:41Z" name="setup" finished-at="2023-01-29T08:00:41Z" duration-ms="421" status="PASS">
          <reporter-output>
          </reporter-output>
        </test-method> <!-- setup -->
        <test-method is-config="true" signature="beforeClass()[pri:0, instance:com.qa.iris.om.TC_OM_AddOrder_03@74589991]" started-at="2023-01-29T08:00:41Z" name="beforeClass" finished-at="2023-01-29T08:00:47Z" duration-ms="5172" status="PASS">
          <reporter-output>
          </reporter-output>
        </test-method> <!-- beforeClass -->
        <test-method is-config="true" signature="setupBeforeMethod(java.lang.reflect.Method)[pri:0, instance:com.qa.iris.om.TC_OM_AddOrder_03@74589991]" started-at="2023-01-29T08:00:47Z" name="setupBeforeMethod" finished-at="2023-01-29T08:00:47Z" duration-ms="2" status="PASS">
          <params>
            <param index="0">
              <value>
                <![CDATA[public void com.qa.iris.om.TC_OM_AddOrder_03.createNewOrder()]]>
              </value>
            </param>
          </params>
          <reporter-output>
          </reporter-output>
        </test-method> <!-- setupBeforeMethod -->
        <test-method signature="createNewOrder()[pri:0, instance:com.qa.iris.om.TC_OM_AddOrder_03@74589991]" started-at="2023-01-29T08:00:47Z" name="createNewOrder" finished-at="2023-01-29T08:01:32Z" duration-ms="45872" status="PASS">
          <reporter-output>
          </reporter-output>
        </test-method> <!-- createNewOrder -->
        <test-method is-config="true" signature="tearDown(org.testng.ITestResult, java.lang.reflect.Method)[pri:0, instance:com.qa.iris.om.TC_OM_AddOrder_03@74589991]" started-at="2023-01-29T08:01:32Z" name="tearDown" finished-at="2023-01-29T08:01:33Z" duration-ms="476" status="FAIL">
          <params>
            <param index="0">
              <value>
                <![CDATA[[TestResult name=createNewOrder status=SUCCESS method=TC_OM_AddOrder_03.createNewOrder()[pri:0, instance:com.qa.iris.om.TC_OM_AddOrder_03@74589991] output={null}]]]>
              </value>
            </param>
            <param index="1">
              <value>
                <![CDATA[public void com.qa.iris.om.TC_OM_AddOrder_03.createNewOrder()]]>
              </value>
            </param>
          </params>
          <exception class="org.openqa.selenium.NoSuchSessionException">
            <message>
              <![CDATA[Session ID is null. Using WebDriver after calling quit()?
Build info: version: '4.0.0-beta-4', revision: '29f46d02dd'
System info: host: 'DESKTOP-U7APJPA', ip: '192.168.1.7', os.name: 'Windows 10', os.arch: 'amd64', os.version: '10.0', java.version: '11.0.13'
Driver info: org.openqa.selenium.chrome.ChromeDriver
Command: [null, close {}]
Capabilities {acceptInsecureCerts: false, browserName: chrome, browserVersion: 108.0.5359.125, chrome: {chromedriverVersion: 108.0.5359.71 (1e0e3868ee06..., userDataDir: C:\Users\bhavs\AppData\Loca...}, goog:chromeOptions: {debuggerAddress: localhost:59296}, javascriptEnabled: true, networkConnectionEnabled: false, pageLoadStrategy: normal, platform: WINDOWS, platformName: WINDOWS, proxy: Proxy(), se:cdp: ws://localhost:59296/devtoo..., se:cdpVersion: 108.0.5359.125, setWindowRect: true, strictFileInteractability: false, timeouts: {implicit: 0, pageLoad: 300000, script: 30000}, unhandledPromptBehavior: dismiss and notify, webauthn:extension:credBlob: true, webauthn:extension:largeBlob: true, webauthn:virtualAuthenticators: true}]]>
            </message>
            <full-stacktrace>
              <![CDATA[org.openqa.selenium.NoSuchSessionException: Session ID is null. Using WebDriver after calling quit()?
Build info: version: '4.0.0-beta-4', revision: '29f46d02dd'
System info: host: 'DESKTOP-U7APJPA', ip: '192.168.1.7', os.name: 'Windows 10', os.arch: 'amd64', os.version: '10.0', java.version: '11.0.13'
Driver info: org.openqa.selenium.chrome.ChromeDriver
Command: [null, close {}]
Capabilities {acceptInsecureCerts: false, browserName: chrome, browserVersion: 108.0.5359.125, chrome: {chromedriverVersion: 108.0.5359.71 (1e0e3868ee06..., userDataDir: C:\Users\bhavs\AppData\Loca...}, goog:chromeOptions: {debuggerAddress: localhost:59296}, javascriptEnabled: true, networkConnectionEnabled: false, pageLoadStrategy: normal, platform: WINDOWS, platformName: WINDOWS, proxy: Proxy(), se:cdp: ws://localhost:59296/devtoo..., se:cdpVersion: 108.0.5359.125, setWindowRect: true, strictFileInteractability: false, timeouts: {implicit: 0, pageLoad: 300000, script: 30000}, unhandledPromptBehavior: dismiss and notify, webauthn:extension:credBlob: true, webauthn:extension:largeBlob: true, webauthn:virtualAuthenticators: true}
at org.openqa.selenium.remote.HttpCommandExecutor.execute(HttpCommandExecutor.java:145)
at org.openqa.selenium.remote.service.DriverCommandExecutor.invokeExecute(DriverCommandExecutor.java:162)
at org.openqa.selenium.remote.service.DriverCommandExecutor.execute(DriverCommandExecutor.java:137)
at org.openqa.selenium.remote.RemoteWebDriver.execute(RemoteWebDriver.java:612)
at org.openqa.selenium.remote.RemoteWebDriver.execute(RemoteWebDriver.java:667)
at org.openqa.selenium.remote.RemoteWebDriver.execute(RemoteWebDriver.java:671)
at org.openqa.selenium.remote.RemoteWebDriver.close(RemoteWebDriver.java:497)
at com.qa.workflows.NFMHomepageWorkflow.logout(NFMHomepageWorkflow.java:58)
at com.qa.base.MainAccelerator.tearDown(MainAccelerator.java:156)
at java.base/jdk.internal.reflect.NativeMethodAccessorImpl.invoke0(Native Method)
at java.base/jdk.internal.reflect.NativeMethodAccessorImpl.invoke(NativeMethodAccessorImpl.java:62)
at java.base/jdk.internal.reflect.DelegatingMethodAccessorImpl.invoke(DelegatingMethodAccessorImpl.java:43)
at java.base/java.lang.reflect.Method.invoke(Method.java:566)
at org.testng.internal.MethodInvocationHelper.invokeMethod(MethodInvocationHelper.java:124)
at org.testng.internal.MethodInvocationHelper.invokeMethodConsideringTimeout(MethodInvocationHelper.java:59)
at org.testng.internal.Invoker.invokeConfigurationMethod(Invoker.java:458)
at org.testng.internal.Invoker.invokeConfigurations(Invoker.java:222)
at org.testng.internal.Invoker.invokeMethod(Invoker.java:646)
at org.testng.internal.Invoker.invokeTestMethod(Invoker.java:719)
at org.testng.internal.Invoker.invokeTestMethods(Invoker.java:989)
at org.testng.internal.TestMethodWorker.invokeTestMethods(TestMethodWorker.java:125)
at org.testng.internal.TestMethodWorker.run(TestMethodWorker.java:109)
at org.testng.TestRunner.privateRun(TestRunner.java:648)
at org.testng.TestRunner.run(TestRunner.java:505)
at org.testng.SuiteRunner.runTest(SuiteRunner.java:455)
at org.testng.SuiteRunner.runSequentially(SuiteRunner.java:450)
at org.testng.SuiteRunner.privateRun(SuiteRunner.java:415)
at org.testng.SuiteRunner.run(SuiteRunner.java:364)
at org.testng.SuiteRunnerWorker.runSuite(SuiteRunnerWorker.java:52)
at org.testng.SuiteRunnerWorker.run(SuiteRunnerWorker.java:84)
at org.testng.TestNG.runSuitesSequentially(TestNG.java:1208)
at org.testng.TestNG.runSuitesLocally(TestNG.java:1137)
at org.testng.TestNG.runSuites(TestNG.java:1049)
at org.testng.TestNG.run(TestNG.java:1017)
at org.testng.remote.AbstractRemoteTestNG.run(AbstractRemoteTestNG.java:115)
at org.testng.remote.RemoteTestNG.initAndRun(RemoteTestNG.java:251)
at org.testng.remote.RemoteTestNG.main(RemoteTestNG.java:77)
]]>
            </full-stacktrace>
          </exception> <!-- org.openqa.selenium.NoSuchSessionException -->
          <reporter-output>
          </reporter-output>
        </test-method> <!-- tearDown -->
        <test-method is-config="true" signature="afterClass()[pri:0, instance:com.qa.iris.om.TC_OM_AddOrder_03@74589991]" started-at="2023-01-29T08:01:33Z" name="afterClass" finished-at="2023-01-29T08:01:33Z" duration-ms="1" status="PASS">
          <reporter-output>
          </reporter-output>
        </test-method> <!-- afterClass -->
      </class> <!-- com.qa.iris.om.TC_OM_AddOrder_03 -->
    </test> <!-- Default test -->
  </suite> <!-- Default suite -->
</testng-results>
